{
  "RSpec": {
    "coverage": {
      "/Users/kbalducci/theironyard/week_8/thursday/womenpower/spec/controllers/categories_controller_spec.rb": [
        1,
        null,
        1,
        1,
        1,
        null,
        1,
        1,
        1,
        null,
        null,
        1,
        1,
        0,
        null,
        null,
        null,
        1,
        1,
        1,
        null,
        null,
        null
      ],
      "/Users/kbalducci/theironyard/week_8/thursday/womenpower/spec/rails_helper.rb": [
        null,
        1,
        1,
        1,
        1,
        null,
        null,
        null,
        null,
        null,
        null,
        null,
        null,
        null,
        null,
        null,
        null,
        null,
        null,
        null,
        null,
        null,
        null,
        null,
        1,
        null,
        1,
        null,
        1,
        null,
        null,
        null,
        null,
        1,
        null,
        null,
        null,
        null,
        null,
        null,
        null,
        null,
        null,
        null,
        null,
        null,
        null,
        null,
        1,
        null
      ],
      "/Users/kbalducci/theironyard/week_8/thursday/womenpower/config/environment.rb": [
        null,
        1,
        null,
        null,
        1
      ],
      "/Users/kbalducci/theironyard/week_8/thursday/womenpower/config/application.rb": [
        1,
        null,
        null,
        1,
        1,
        1,
        1,
        1,
        1,
        1,
        null,
        null,
        null,
        null,
        1,
        null,
        1,
        1,
        null,
        null,
        null,
        null,
        null,
        null,
        null,
        null,
        null,
        null,
        null,
        null,
        null,
        1,
        null,
        null
      ],
      "/Users/kbalducci/theironyard/week_8/thursday/womenpower/config/boot.rb": [
        1,
        null,
        1
      ],
      "/Users/kbalducci/theironyard/week_8/thursday/womenpower/config/environments/test.rb": [
        1,
        null,
        null,
        null,
        null,
        null,
        null,
        1,
        null,
        null,
        null,
        null,
        1,
        null,
        null,
        1,
        1,
        null,
        null,
        1,
        1,
        null,
        null,
        1,
        null,
        null,
        1,
        null,
        null,
        null,
        null,
        1,
        null,
        null,
        1,
        null,
        null,
        1,
        null,
        null,
        null,
        null
      ],
      "/Users/kbalducci/theironyard/week_8/thursday/womenpower/config/initializers/assets.rb": [
        null,
        null,
        null,
        1,
        null,
        null,
        null,
        null,
        null,
        null,
        null
      ],
      "/Users/kbalducci/theironyard/week_8/thursday/womenpower/config/initializers/backtrace_silencers.rb": [
        null,
        null,
        null,
        null,
        null,
        null,
        null
      ],
      "/Users/kbalducci/theironyard/week_8/thursday/womenpower/config/initializers/cookies_serializer.rb": [
        null,
        null,
        1
      ],
      "/Users/kbalducci/theironyard/week_8/thursday/womenpower/config/initializers/devise.rb": [
        null,
        null,
        1,
        null,
        null,
        null,
        null,
        null,
        null,
        null,
        null,
        null,
        1,
        null,
        null,
        null,
        null,
        null,
        null,
        null,
        null,
        1,
        null,
        null,
        null,
        null,
        null,
        null,
        null,
        null,
        null,
        null,
        null,
        null,
        null,
        null,
        null,
        null,
        null,
        null,
        null,
        null,
        null,
        1,
        null,
        null,
        null,
        null,
        1,
        null,
        null,
        null,
        null,
        null,
        null,
        null,
        null,
        null,
        null,
        null,
        null,
        null,
        null,
        null,
        null,
        null,
        null,
        null,
        null,
        null,
        null,
        null,
        null,
        null,
        null,
        null,
        null,
        null,
        null,
        1,
        null,
        null,
        null,
        null,
        null,
        null,
        null,
        null,
        null,
        null,
        null,
        null,
        null,
        null,
        null,
        null,
        1,
        null,
        null,
        null,
        null,
        null,
        null,
        null,
        null,
        null,
        null,
        null,
        null,
        null,
        null,
        null,
        null,
        null,
        null,
        null,
        null,
        null,
        null,
        null,
        null,
        1,
        null,
        null,
        null,
        null,
        null,
        null,
        null,
        null,
        null,
        1,
        null,
        null,
        null,
        null,
        null,
        null,
        null,
        null,
        null,
        null,
        1,
        null,
        null,
        null,
        null,
        null,
        null,
        null,
        null,
        null,
        null,
        null,
        null,
        null,
        null,
        null,
        null,
        null,
        null,
        null,
        null,
        null,
        null,
        null,
        null,
        null,
        null,
        null,
        null,
        null,
        null,
        null,
        null,
        null,
        null,
        null,
        null,
        null,
        null,
        null,
        null,
        null,
        null,
        null,
        null,
        null,
        null,
        null,
        null,
        1,
        null,
        null,
        null,
        null,
        null,
        null,
        null,
        null,
        null,
        null,
        null,
        null,
        null,
        null,
        null,
        null,
        null,
        null,
        null,
        null,
        null,
        null,
        null,
        null,
        null,
        null,
        null,
        null,
        null,
        null,
        null,
        null,
        null,
        null,
        null,
        null,
        null,
        1,
        null,
        null,
        null,
        null,
        null,
        null,
        null,
        null,
        null,
        null,
        null,
        null,
        null,
        null,
        null,
        null,
        null,
        null,
        null,
        null,
        null,
        null,
        null,
        null,
        null,
        null,
        null,
        null,
        null
      ],
      "/Users/kbalducci/theironyard/week_8/thursday/womenpower/config/initializers/filter_parameter_logging.rb": [
        null,
        null,
        null,
        1
      ],
      "/Users/kbalducci/theironyard/week_8/thursday/womenpower/config/initializers/inflections.rb": [
        null,
        null,
        null,
        null,
        null,
        null,
        null,
        null,
        null,
        null,
        null,
        null,
        null,
        null,
        null,
        null
      ],
      "/Users/kbalducci/theironyard/week_8/thursday/womenpower/config/initializers/mime_types.rb": [
        null,
        null,
        null,
        null
      ],
      "/Users/kbalducci/theironyard/week_8/thursday/womenpower/config/initializers/session_store.rb": [
        null,
        null,
        1
      ],
      "/Users/kbalducci/theironyard/week_8/thursday/womenpower/config/initializers/wrap_parameters.rb": [
        null,
        null,
        null,
        null,
        null,
        null,
        1,
        1,
        null,
        null,
        null,
        null,
        null,
        null
      ],
      "/Users/kbalducci/theironyard/week_8/thursday/womenpower/config/routes.rb": [
        1,
        1,
        1,
        1,
        1,
        1,
        null,
        null,
        1,
        null,
        null,
        null,
        null,
        null,
        null,
        null,
        null,
        null,
        null,
        null,
        null,
        null,
        null,
        null,
        null,
        null,
        null,
        null,
        null,
        null,
        null,
        null,
        null,
        null,
        null,
        null,
        null,
        null,
        null,
        null,
        null,
        null,
        null,
        null,
        null,
        null,
        null,
        null,
        null,
        null,
        null,
        null,
        null,
        null,
        null,
        null,
        null,
        null,
        null,
        null,
        null,
        null,
        null,
        null,
        null
      ],
      "/Users/kbalducci/theironyard/week_8/thursday/womenpower/app/models/user.rb": [
        1,
        null,
        null,
        1,
        null,
        1,
        1,
        null
      ],
      "/Users/kbalducci/theironyard/week_8/thursday/womenpower/app/helpers/application_helper.rb": [
        1,
        null
      ],
      "/Users/kbalducci/theironyard/week_8/thursday/womenpower/app/helpers/categories_helper.rb": [
        1,
        null
      ],
      "/Users/kbalducci/theironyard/week_8/thursday/womenpower/app/helpers/inspirations_helper.rb": [
        1,
        null,
        null,
        null
      ],
      "/Users/kbalducci/theironyard/week_8/thursday/womenpower/app/helpers/issues_helper.rb": [
        1,
        null
      ],
      "/Users/kbalducci/theironyard/week_8/thursday/womenpower/app/helpers/users_helper.rb": [
        1,
        null
      ],
      "/Users/kbalducci/theironyard/week_8/thursday/womenpower/app/helpers/welcome_helper.rb": [
        1,
        null
      ],
      "/Users/kbalducci/theironyard/week_8/thursday/womenpower/app/controllers/categories_controller.rb": [
        1,
        null,
        1,
        0,
        null,
        0,
        null,
        null,
        1,
        1,
        0,
        null,
        null,
        null
      ],
      "/Users/kbalducci/theironyard/week_8/thursday/womenpower/app/controllers/application_controller.rb": [
        1,
        null,
        null,
        1,
        1,
        1,
        1,
        null,
        1,
        0,
        null,
        null
      ],
      "/Users/kbalducci/theironyard/week_8/thursday/womenpower/spec/controllers/inspirations_controller_spec.rb": [
        1,
        null,
        1,
        null,
        1,
        1,
        1,
        null,
        null,
        null
      ],
      "/Users/kbalducci/theironyard/week_8/thursday/womenpower/app/controllers/inspirations_controller.rb": [
        1,
        null,
        1,
        0,
        null,
        0,
        null,
        null,
        1,
        0,
        null,
        0,
        0,
        0,
        null,
        0,
        null,
        null,
        null,
        null,
        1,
        1,
        0,
        null,
        null
      ],
      "/Users/kbalducci/theironyard/week_8/thursday/womenpower/spec/controllers/issues_controller_spec.rb": [
        1,
        null,
        1,
        1,
        1,
        null,
        1,
        1,
        1,
        null,
        null,
        1,
        1,
        0,
        null,
        null,
        null,
        null,
        null,
        null,
        null,
        null,
        null,
        null,
        null,
        null,
        null,
        null,
        null,
        null,
        null,
        1,
        1,
        1,
        null,
        null,
        null
      ],
      "/Users/kbalducci/theironyard/week_8/thursday/womenpower/app/controllers/issues_controller.rb": [
        1,
        null,
        1,
        0,
        null,
        0,
        null,
        null,
        1,
        1,
        0,
        null,
        null
      ],
      "/Users/kbalducci/theironyard/week_8/thursday/womenpower/spec/controllers/users_controller_spec.rb": [
        1,
        null,
        1,
        null,
        1,
        1,
        1,
        null,
        null,
        null,
        null
      ],
      "/Users/kbalducci/theironyard/week_8/thursday/womenpower/app/controllers/users_controller.rb": [
        1,
        1,
        null,
        1,
        0,
        null,
        0,
        0,
        0,
        null,
        0,
        null,
        null,
        null,
        null,
        1,
        1,
        0,
        null,
        null
      ],
      "/Users/kbalducci/theironyard/week_8/thursday/womenpower/spec/controllers/welcome_controller_spec.rb": [
        1,
        null,
        1,
        null,
        null,
        null,
        null,
        null,
        null,
        null,
        null,
        1,
        1,
        1,
        null,
        null,
        null,
        null,
        null
      ],
      "/Users/kbalducci/theironyard/week_8/thursday/womenpower/app/controllers/welcome_controller.rb": [
        1,
        null,
        1,
        null,
        null,
        null,
        null
      ],
      "/Users/kbalducci/theironyard/week_8/thursday/womenpower/spec/helpers/categories_helper_spec.rb": [
        1,
        null,
        null,
        null,
        null,
        null,
        null,
        null,
        null,
        null,
        null,
        null,
        1,
        1,
        null
      ],
      "/Users/kbalducci/theironyard/week_8/thursday/womenpower/spec/helpers/inspirations_helper_spec.rb": [
        1,
        null,
        null,
        null,
        null,
        null,
        null,
        null,
        null,
        null,
        null,
        null,
        1,
        1,
        null
      ],
      "/Users/kbalducci/theironyard/week_8/thursday/womenpower/spec/helpers/issues_helper_spec.rb": [
        1,
        null,
        null,
        null,
        null,
        null,
        null,
        null,
        null,
        null,
        null,
        null,
        1,
        1,
        null
      ],
      "/Users/kbalducci/theironyard/week_8/thursday/womenpower/spec/helpers/users_helper_spec.rb": [
        1,
        null,
        null,
        null,
        null,
        null,
        null,
        null,
        null,
        null,
        null,
        null,
        1,
        1,
        null
      ],
      "/Users/kbalducci/theironyard/week_8/thursday/womenpower/spec/helpers/welcome_helper_spec.rb": [
        1,
        null,
        null,
        null,
        null,
        null,
        null,
        null,
        null,
        null,
        null,
        null,
        1,
        1,
        null
      ],
      "/Users/kbalducci/theironyard/week_8/thursday/womenpower/spec/models/category_spec.rb": [
        1,
        null,
        1,
        null,
        null
      ],
      "/Users/kbalducci/theironyard/week_8/thursday/womenpower/app/models/category.rb": [
        1,
        1,
        1,
        1,
        null
      ],
      "/Users/kbalducci/theironyard/week_8/thursday/womenpower/spec/models/inspiration_spec.rb": [
        1,
        null,
        1,
        null,
        null
      ],
      "/Users/kbalducci/theironyard/week_8/thursday/womenpower/app/models/inspiration.rb": [
        1,
        1,
        1,
        1,
        null,
        1,
        null,
        1,
        null,
        null,
        null,
        null,
        null,
        1,
        null,
        1,
        0,
        null,
        null
      ],
      "/Users/kbalducci/theironyard/week_8/thursday/womenpower/spec/models/issue_spec.rb": [
        1,
        null,
        1,
        1,
        null
      ],
      "/Users/kbalducci/theironyard/week_8/thursday/womenpower/app/models/issue.rb": [
        1,
        1,
        1,
        null
      ],
      "/Users/kbalducci/theironyard/week_8/thursday/womenpower/spec/models/user_spec.rb": [
        1,
        null,
        1,
        1,
        null
      ],
      "/Users/kbalducci/theironyard/week_8/thursday/womenpower/spec/models/welcome_spec.rb": [
        1,
        null,
        1,
        1,
        null
      ],
      "/Users/kbalducci/theironyard/week_8/thursday/womenpower/app/models/welcome.rb": [
        1,
        null
      ],
      "/Users/kbalducci/theironyard/week_8/thursday/womenpower/spec/views/welcome/index.html.erb_spec.rb": [
        1,
        null,
        1,
        1,
        null
      ]
    },
    "timestamp": 1425272643
  }
}
